This file contains any messages produced by compilers while
running configure, to aid debugging if configure makes a mistake.

It was created by libminigui configure 3.0.12, which was
generated by GNU Autoconf 2.68.  Invocation command line was

  $ ./configure --build=i686-linux --host=arm-linux --target=arm-linux --prefix=/usr/local/minigui/cross/arm/cortex-m3 --enable-static=yes --enable-shared=no --enable-customial=yes --enable-dlcustomial=no --with-targetname=lpc1788 --enable-tslibial=yes --enable-videofbcon=yes --enable-pcxvfb=no build_alias=i686-linux host_alias=arm-linux target_alias=arm-linux CC=arm-uclinuxeabi-gcc CFLAGS=-I. -I./include -I/home/huiafu/uclinux/cortexm_uclinux-master/cross_tools/arm-2010q1-uclinux/arm-uclinuxeabi/include/c++/4.4.1 -I/home/huiafu/uclinux/cortexm_uclinux-master/cross_tools/arm-2010q1-uclinux/arm-uclinuxeabi/libc/usr/include -I/usr/local/minigui/cross/arm/cortex-m3/include -mcpu=cortex-m3 -mthumb -static LDFLAGS=-L/usr/local/minigui/cross/arm/cortex-m3/lib -L/home/huiafu/uclinux/cortexm_uclinux-master/cross_tools/arm-2010q1-uclinux/arm-uclinuxeabi/libc/usr/lib CPP=arm-uclinuxeabi-cpp --no-create --no-recursion

## --------- ##
## Platform. ##
## --------- ##

hostname = hujiafu-virtual-machine
uname -m = x86_64
uname -r = 3.2.0-90-generic
uname -s = Linux
uname -v = #128-Ubuntu SMP Fri Aug 14 21:43:58 UTC 2015

/usr/bin/uname -p = unknown
/bin/uname -X     = unknown

/bin/arch              = unknown
/usr/bin/arch -k       = unknown
/usr/convex/getsysinfo = unknown
/usr/bin/hostinfo      = unknown
/bin/machine           = unknown
/usr/bin/oslevel       = unknown
/bin/universe          = unknown

PATH: /usr/local/sbin
PATH: /usr/local/bin
PATH: /usr/sbin
PATH: /usr/bin
PATH: /sbin
PATH: /bin
PATH: /usr/games
PATH: /usr/local/arm/gcc-4.4.4-glibc-2.11.1-multilib-1.0/arm-fsl-linux-gnueabi/bin
PATH: /home/hujiafu/uclinux/git_uclinux/lpc1788_uclinux/cortexm_uclinux-master/cross_tools/arm-2010q1-uclinux/bin


## ----------- ##
## Core tests. ##
## ----------- ##

configure:2817: checking build system type
configure:2831: result: i686-pc-linux-gnu
configure:2851: checking host system type
configure:2864: result: arm-unknown-linux-gnu
configure:2884: checking target system type
configure:2897: result: arm-unknown-linux-gnu
configure:2941: checking for a BSD-compatible install
configure:3009: result: /usr/bin/install -c
configure:3020: checking whether build environment is sane
configure:3070: result: yes
configure:3119: checking for arm-linux-strip
configure:3146: result: arm-uclinuxeabi-strip
configure:3211: checking for a thread-safe mkdir -p
configure:3250: result: /bin/mkdir -p
configure:3263: checking for gawk
configure:3290: result: gawk
configure:3301: checking whether make sets $(MAKE)
configure:3323: result: yes
configure:3475: checking for style of include used by make
configure:3503: result: GNU
configure:3534: checking for arm-linux-gcc
configure:3561: result: arm-uclinuxeabi-gcc
configure:3830: checking for C compiler version
configure:3839: arm-uclinuxeabi-gcc --version >&5
arm-uclinuxeabi-gcc (Sourcery G++ Lite 2010q1-189) 4.4.1
Copyright (C) 2009 Free Software Foundation, Inc.
This is free software; see the source for copying conditions.  There is NO
warranty; not even for MERCHANTABILITY or FITNESS FOR A PARTICULAR PURPOSE.

configure:3850: $? = 0
configure:3839: arm-uclinuxeabi-gcc -v >&5
Using built-in specs.
Target: arm-uclinuxeabi
Configured with: /scratch/julian/2010q1-release-uclinux-lite/src/gcc-4.4-2010q1/configure --build=i686-pc-linux-gnu --host=i686-pc-linux-gnu --target=arm-uclinuxeabi --enable-threads --disable-libmudflap --disable-libssp --disable-libstdcxx-pch --enable-extra-sgxxlite-multilibs --with-gnu-as --with-gnu-ld --with-specs='%{O2:%{!fno-remove-local-statics: -fremove-local-statics}} %{O*:%{O|O0|O1|O2|Os:;:%{!fno-remove-local-statics: -fremove-local-statics}}}' --enable-languages=c,c++ --disable-shared --disable-lto --with-pkgversion='Sourcery G++ Lite 2010q1-189' --with-bugurl=https://support.codesourcery.com/GNUToolchain/ --disable-nls --prefix=/opt/codesourcery --with-sysroot=/opt/codesourcery/arm-uclinuxeabi/libc --with-build-sysroot=/scratch/julian/2010q1-release-uclinux-lite/install/arm-uclinuxeabi/libc --with-gmp=/scratch/julian/2010q1-release-uclinux-lite/obj/host-libs-2010q1-189-arm-uclinuxeabi-i686-pc-linux-gnu/usr --with-mpfr=/scratch/julian/2010q1-release-uclinux-lite/obj/host-libs-2010q1-189-arm-uclinuxeabi-i686-pc-linux-gnu/usr --with-ppl=/scratch/julian/2010q1-release-uclinux-lite/obj/host-libs-2010q1-189-arm-uclinuxeabi-i686-pc-linux-gnu/usr --with-host-libstdcxx='-static-libgcc -Wl,-Bstatic,-lstdc++,-Bdynamic -lm' --with-cloog=/scratch/julian/2010q1-release-uclinux-lite/obj/host-libs-2010q1-189-arm-uclinuxeabi-i686-pc-linux-gnu/usr --disable-libgomp --enable-poison-system-directories --with-build-time-tools=/scratch/julian/2010q1-release-uclinux-lite/install/arm-uclinuxeabi/bin --with-build-time-tools=/scratch/julian/2010q1-release-uclinux-lite/install/arm-uclinuxeabi/bin
Thread model: single
gcc version 4.4.1 (Sourcery G++ Lite 2010q1-189) 
configure:3850: $? = 0
configure:3839: arm-uclinuxeabi-gcc -V >&5
arm-uclinuxeabi-gcc: '-V' option must have argument
configure:3850: $? = 1
configure:3839: arm-uclinuxeabi-gcc -qversion >&5
arm-uclinuxeabi-gcc: unrecognized option '-qversion'
arm-uclinuxeabi-gcc: no input files
configure:3850: $? = 1
configure:3870: checking whether the C compiler works
configure:3892: arm-uclinuxeabi-gcc -I. -I./include -I/home/huiafu/uclinux/cortexm_uclinux-master/cross_tools/arm-2010q1-uclinux/arm-uclinuxeabi/include/c++/4.4.1 -I/home/huiafu/uclinux/cortexm_uclinux-master/cross_tools/arm-2010q1-uclinux/arm-uclinuxeabi/libc/usr/include -I/usr/local/minigui/cross/arm/cortex-m3/include -mcpu=cortex-m3 -mthumb -static  -L/usr/local/minigui/cross/arm/cortex-m3/lib -L/home/huiafu/uclinux/cortexm_uclinux-master/cross_tools/arm-2010q1-uclinux/arm-uclinuxeabi/libc/usr/lib conftest.c  >&5
configure:3896: $? = 0
configure:3944: result: yes
configure:3947: checking for C compiler default output file name
configure:3949: result: a.out
configure:3955: checking for suffix of executables
configure:3962: arm-uclinuxeabi-gcc -o conftest -I. -I./include -I/home/huiafu/uclinux/cortexm_uclinux-master/cross_tools/arm-2010q1-uclinux/arm-uclinuxeabi/include/c++/4.4.1 -I/home/huiafu/uclinux/cortexm_uclinux-master/cross_tools/arm-2010q1-uclinux/arm-uclinuxeabi/libc/usr/include -I/usr/local/minigui/cross/arm/cortex-m3/include -mcpu=cortex-m3 -mthumb -static  -L/usr/local/minigui/cross/arm/cortex-m3/lib -L/home/huiafu/uclinux/cortexm_uclinux-master/cross_tools/arm-2010q1-uclinux/arm-uclinuxeabi/libc/usr/lib conftest.c  >&5
configure:3966: $? = 0
configure:3988: result: 
configure:4010: checking whether we are cross compiling
configure:4048: result: yes
configure:4053: checking for suffix of object files
configure:4075: arm-uclinuxeabi-gcc -c -I. -I./include -I/home/huiafu/uclinux/cortexm_uclinux-master/cross_tools/arm-2010q1-uclinux/arm-uclinuxeabi/include/c++/4.4.1 -I/home/huiafu/uclinux/cortexm_uclinux-master/cross_tools/arm-2010q1-uclinux/arm-uclinuxeabi/libc/usr/include -I/usr/local/minigui/cross/arm/cortex-m3/include -mcpu=cortex-m3 -mthumb -static  conftest.c >&5
configure:4079: $? = 0
configure:4100: result: o
configure:4104: checking whether we are using the GNU C compiler
configure:4123: arm-uclinuxeabi-gcc -c -I. -I./include -I/home/huiafu/uclinux/cortexm_uclinux-master/cross_tools/arm-2010q1-uclinux/arm-uclinuxeabi/include/c++/4.4.1 -I/home/huiafu/uclinux/cortexm_uclinux-master/cross_tools/arm-2010q1-uclinux/arm-uclinuxeabi/libc/usr/include -I/usr/local/minigui/cross/arm/cortex-m3/include -mcpu=cortex-m3 -mthumb -static  conftest.c >&5
configure:4123: $? = 0
configure:4132: result: yes
configure:4141: checking whether arm-uclinuxeabi-gcc accepts -g
configure:4161: arm-uclinuxeabi-gcc -c -g  conftest.c >&5
configure:4161: $? = 0
configure:4202: result: yes
configure:4219: checking for arm-uclinuxeabi-gcc option to accept ISO C89
configure:4283: arm-uclinuxeabi-gcc  -c -I. -I./include -I/home/huiafu/uclinux/cortexm_uclinux-master/cross_tools/arm-2010q1-uclinux/arm-uclinuxeabi/include/c++/4.4.1 -I/home/huiafu/uclinux/cortexm_uclinux-master/cross_tools/arm-2010q1-uclinux/arm-uclinuxeabi/libc/usr/include -I/usr/local/minigui/cross/arm/cortex-m3/include -mcpu=cortex-m3 -mthumb -static  conftest.c >&5
configure:4283: $? = 0
configure:4296: result: none needed
configure:4318: checking dependency style of arm-uclinuxeabi-gcc
configure:4429: result: gcc3
configure:4466: checking for ld used by GCC
configure:4529: result: /home/hujiafu/uclinux/git_uclinux/lpc1788_uclinux/cortexm_uclinux-master/cross_tools/arm-2010q1-uclinux/arm-uclinuxeabi/bin/ld
configure:4536: checking if the linker (/home/hujiafu/uclinux/git_uclinux/lpc1788_uclinux/cortexm_uclinux-master/cross_tools/arm-2010q1-uclinux/arm-uclinuxeabi/bin/ld) is GNU ld
GNU ld (Sourcery G++ Lite 2010q1-189) 2.19.51.20090709
configure:4548: result: yes
configure:4553: checking for /home/hujiafu/uclinux/git_uclinux/lpc1788_uclinux/cortexm_uclinux-master/cross_tools/arm-2010q1-uclinux/arm-uclinuxeabi/bin/ld option to reload object files
configure:4560: result: -r
configure:4565: checking for BSD-compatible nm
configure:4601: result: /usr/local/arm/gcc-4.4.4-glibc-2.11.1-multilib-1.0/arm-fsl-linux-gnueabi/bin/arm-linux-nm -B
configure:4604: checking for a sed that does not truncate output
configure:4686: result: /bin/sed
configure:4689: checking whether ln -s works
configure:4693: result: yes
configure:4700: checking how to recognise dependent libraries
configure:4881: result: file_magic ELF [0-9][0-9]*-bit [LM]SB (shared object|dynamic lib )
configure:4894: checking command to parse /usr/local/arm/gcc-4.4.4-glibc-2.11.1-multilib-1.0/arm-fsl-linux-gnueabi/bin/arm-linux-nm -B output
configure:4978: arm-uclinuxeabi-gcc -c -I. -I./include -I/home/huiafu/uclinux/cortexm_uclinux-master/cross_tools/arm-2010q1-uclinux/arm-uclinuxeabi/include/c++/4.4.1 -I/home/huiafu/uclinux/cortexm_uclinux-master/cross_tools/arm-2010q1-uclinux/arm-uclinuxeabi/libc/usr/include -I/usr/local/minigui/cross/arm/cortex-m3/include -mcpu=cortex-m3 -mthumb -static  conftest.c >&5
configure:4981: $? = 0
configure:4985: /usr/local/arm/gcc-4.4.4-glibc-2.11.1-multilib-1.0/arm-fsl-linux-gnueabi/bin/arm-linux-nm -B conftest.o \| sed -n -e 's/^.*[ 	]\([ABCDGISTW][ABCDGISTW]*\)[ 	][ 	]*\(\)\([_A-Za-z][_A-Za-z0-9]*\)$/\1 \2\3 \3/p' \> conftest.nm
configure:4988: $? = 0
configure:5040: arm-uclinuxeabi-gcc -o conftest -I. -I./include -I/home/huiafu/uclinux/cortexm_uclinux-master/cross_tools/arm-2010q1-uclinux/arm-uclinuxeabi/include/c++/4.4.1 -I/home/huiafu/uclinux/cortexm_uclinux-master/cross_tools/arm-2010q1-uclinux/arm-uclinuxeabi/libc/usr/include -I/usr/local/minigui/cross/arm/cortex-m3/include -mcpu=cortex-m3 -mthumb -static  -L/usr/local/minigui/cross/arm/cortex-m3/lib -L/home/huiafu/uclinux/cortexm_uclinux-master/cross_tools/arm-2010q1-uclinux/arm-uclinuxeabi/libc/usr/lib conftest.c conftstm.o >&5
configure:5043: $? = 0
configure:5087: result: ok
configure:5096: checking how to run the C preprocessor
configure:5166: result: arm-uclinuxeabi-cpp
configure:5186: arm-uclinuxeabi-cpp  conftest.c
configure:5186: $? = 0
configure:5200: arm-uclinuxeabi-cpp  conftest.c
conftest.c:9: fatal error: ac_nonexistent.h: No such file or directory
compilation terminated.
configure:5200: $? = 1
configure: failed program was:
| /* confdefs.h */
| #define PACKAGE_NAME "libminigui"
| #define PACKAGE_TARNAME "libminigui"
| #define PACKAGE_VERSION "3.0.12"
| #define PACKAGE_STRING "libminigui 3.0.12"
| #define PACKAGE_BUGREPORT ""
| #define PACKAGE_URL ""
| /* end confdefs.h.  */
| #include <ac_nonexistent.h>
configure:5229: checking for grep that handles long lines and -e
configure:5287: result: /bin/grep
configure:5292: checking for egrep
configure:5354: result: /bin/grep -E
configure:5359: checking for ANSI C header files
configure:5379: arm-uclinuxeabi-gcc -c -I. -I./include -I/home/huiafu/uclinux/cortexm_uclinux-master/cross_tools/arm-2010q1-uclinux/arm-uclinuxeabi/include/c++/4.4.1 -I/home/huiafu/uclinux/cortexm_uclinux-master/cross_tools/arm-2010q1-uclinux/arm-uclinuxeabi/libc/usr/include -I/usr/local/minigui/cross/arm/cortex-m3/include -mcpu=cortex-m3 -mthumb -static  conftest.c >&5
configure:5379: $? = 0
configure:5463: result: yes
configure:5476: checking for sys/types.h
configure:5476: arm-uclinuxeabi-gcc -c -I. -I./include -I/home/huiafu/uclinux/cortexm_uclinux-master/cross_tools/arm-2010q1-uclinux/arm-uclinuxeabi/include/c++/4.4.1 -I/home/huiafu/uclinux/cortexm_uclinux-master/cross_tools/arm-2010q1-uclinux/arm-uclinuxeabi/libc/usr/include -I/usr/local/minigui/cross/arm/cortex-m3/include -mcpu=cortex-m3 -mthumb -static  conftest.c >&5
configure:5476: $? = 0
configure:5476: result: yes
configure:5476: checking for sys/stat.h
configure:5476: arm-uclinuxeabi-gcc -c -I. -I./include -I/home/huiafu/uclinux/cortexm_uclinux-master/cross_tools/arm-2010q1-uclinux/arm-uclinuxeabi/include/c++/4.4.1 -I/home/huiafu/uclinux/cortexm_uclinux-master/cross_tools/arm-2010q1-uclinux/arm-uclinuxeabi/libc/usr/include -I/usr/local/minigui/cross/arm/cortex-m3/include -mcpu=cortex-m3 -mthumb -static  conftest.c >&5
configure:5476: $? = 0
configure:5476: result: yes
configure:5476: checking for stdlib.h
configure:5476: arm-uclinuxeabi-gcc -c -I. -I./include -I/home/huiafu/uclinux/cortexm_uclinux-master/cross_tools/arm-2010q1-uclinux/arm-uclinuxeabi/include/c++/4.4.1 -I/home/huiafu/uclinux/cortexm_uclinux-master/cross_tools/arm-2010q1-uclinux/arm-uclinuxeabi/libc/usr/include -I/usr/local/minigui/cross/arm/cortex-m3/include -mcpu=cortex-m3 -mthumb -static  conftest.c >&5
configure:5476: $? = 0
configure:5476: result: yes
configure:5476: checking for string.h
configure:5476: arm-uclinuxeabi-gcc -c -I. -I./include -I/home/huiafu/uclinux/cortexm_uclinux-master/cross_tools/arm-2010q1-uclinux/arm-uclinuxeabi/include/c++/4.4.1 -I/home/huiafu/uclinux/cortexm_uclinux-master/cross_tools/arm-2010q1-uclinux/arm-uclinuxeabi/libc/usr/include -I/usr/local/minigui/cross/arm/cortex-m3/include -mcpu=cortex-m3 -mthumb -static  conftest.c >&5
configure:5476: $? = 0
configure:5476: result: yes
configure:5476: checking for memory.h
configure:5476: arm-uclinuxeabi-gcc -c -I. -I./include -I/home/huiafu/uclinux/cortexm_uclinux-master/cross_tools/arm-2010q1-uclinux/arm-uclinuxeabi/include/c++/4.4.1 -I/home/huiafu/uclinux/cortexm_uclinux-master/cross_tools/arm-2010q1-uclinux/arm-uclinuxeabi/libc/usr/include -I/usr/local/minigui/cross/arm/cortex-m3/include -mcpu=cortex-m3 -mthumb -static  conftest.c >&5
configure:5476: $? = 0
configure:5476: result: yes
configure:5476: checking for strings.h
configure:5476: arm-uclinuxeabi-gcc -c -I. -I./include -I/home/huiafu/uclinux/cortexm_uclinux-master/cross_tools/arm-2010q1-uclinux/arm-uclinuxeabi/include/c++/4.4.1 -I/home/huiafu/uclinux/cortexm_uclinux-master/cross_tools/arm-2010q1-uclinux/arm-uclinuxeabi/libc/usr/include -I/usr/local/minigui/cross/arm/cortex-m3/include -mcpu=cortex-m3 -mthumb -static  conftest.c >&5
configure:5476: $? = 0
configure:5476: result: yes
configure:5476: checking for inttypes.h
configure:5476: arm-uclinuxeabi-gcc -c -I. -I./include -I/home/huiafu/uclinux/cortexm_uclinux-master/cross_tools/arm-2010q1-uclinux/arm-uclinuxeabi/include/c++/4.4.1 -I/home/huiafu/uclinux/cortexm_uclinux-master/cross_tools/arm-2010q1-uclinux/arm-uclinuxeabi/libc/usr/include -I/usr/local/minigui/cross/arm/cortex-m3/include -mcpu=cortex-m3 -mthumb -static  conftest.c >&5
configure:5476: $? = 0
configure:5476: result: yes
configure:5476: checking for stdint.h
configure:5476: arm-uclinuxeabi-gcc -c -I. -I./include -I/home/huiafu/uclinux/cortexm_uclinux-master/cross_tools/arm-2010q1-uclinux/arm-uclinuxeabi/include/c++/4.4.1 -I/home/huiafu/uclinux/cortexm_uclinux-master/cross_tools/arm-2010q1-uclinux/arm-uclinuxeabi/libc/usr/include -I/usr/local/minigui/cross/arm/cortex-m3/include -mcpu=cortex-m3 -mthumb -static  conftest.c >&5
configure:5476: $? = 0
configure:5476: result: yes
configure:5476: checking for unistd.h
configure:5476: arm-uclinuxeabi-gcc -c -I. -I./include -I/home/huiafu/uclinux/cortexm_uclinux-master/cross_tools/arm-2010q1-uclinux/arm-uclinuxeabi/include/c++/4.4.1 -I/home/huiafu/uclinux/cortexm_uclinux-master/cross_tools/arm-2010q1-uclinux/arm-uclinuxeabi/libc/usr/include -I/usr/local/minigui/cross/arm/cortex-m3/include -mcpu=cortex-m3 -mthumb -static  conftest.c >&5
configure:5476: $? = 0
configure:5476: result: yes
configure:5490: checking dlfcn.h usability
configure:5490: arm-uclinuxeabi-gcc -c -I. -I./include -I/home/huiafu/uclinux/cortexm_uclinux-master/cross_tools/arm-2010q1-uclinux/arm-uclinuxeabi/include/c++/4.4.1 -I/home/huiafu/uclinux/cortexm_uclinux-master/cross_tools/arm-2010q1-uclinux/arm-uclinuxeabi/libc/usr/include -I/usr/local/minigui/cross/arm/cortex-m3/include -mcpu=cortex-m3 -mthumb -static  conftest.c >&5
conftest.c:52: fatal error: dlfcn.h: No such file or directory
compilation terminated.
configure:5490: $? = 1
configure: failed program was:
| /* confdefs.h */
| #define PACKAGE_NAME "libminigui"
| #define PACKAGE_TARNAME "libminigui"
| #define PACKAGE_VERSION "3.0.12"
| #define PACKAGE_STRING "libminigui 3.0.12"
| #define PACKAGE_BUGREPORT ""
| #define PACKAGE_URL ""
| #define STDC_HEADERS 1
| #define HAVE_SYS_TYPES_H 1
| #define HAVE_SYS_STAT_H 1
| #define HAVE_STDLIB_H 1
| #define HAVE_STRING_H 1
| #define HAVE_MEMORY_H 1
| #define HAVE_STRINGS_H 1
| #define HAVE_INTTYPES_H 1
| #define HAVE_STDINT_H 1
| #define HAVE_UNISTD_H 1
| /* end confdefs.h.  */
| #include <stdio.h>
| #ifdef HAVE_SYS_TYPES_H
| # include <sys/types.h>
| #endif
| #ifdef HAVE_SYS_STAT_H
| # include <sys/stat.h>
| #endif
| #ifdef STDC_HEADERS
| # include <stdlib.h>
| # include <stddef.h>
| #else
| # ifdef HAVE_STDLIB_H
| #  include <stdlib.h>
| # endif
| #endif
| #ifdef HAVE_STRING_H
| # if !defined STDC_HEADERS && defined HAVE_MEMORY_H
| #  include <memory.h>
| # endif
| # include <string.h>
| #endif
| #ifdef HAVE_STRINGS_H
| # include <strings.h>
| #endif
| #ifdef HAVE_INTTYPES_H
| # include <inttypes.h>
| #endif
| #ifdef HAVE_STDINT_H
| # include <stdint.h>
| #endif
| #ifdef HAVE_UNISTD_H
| # include <unistd.h>
| #endif
| #include <dlfcn.h>
configure:5490: result: no
configure:5490: checking dlfcn.h presence
configure:5490: arm-uclinuxeabi-cpp  conftest.c
conftest.c:19: fatal error: dlfcn.h: No such file or directory
compilation terminated.
configure:5490: $? = 1
configure: failed program was:
| /* confdefs.h */
| #define PACKAGE_NAME "libminigui"
| #define PACKAGE_TARNAME "libminigui"
| #define PACKAGE_VERSION "3.0.12"
| #define PACKAGE_STRING "libminigui 3.0.12"
| #define PACKAGE_BUGREPORT ""
| #define PACKAGE_URL ""
| #define STDC_HEADERS 1
| #define HAVE_SYS_TYPES_H 1
| #define HAVE_SYS_STAT_H 1
| #define HAVE_STDLIB_H 1
| #define HAVE_STRING_H 1
| #define HAVE_MEMORY_H 1
| #define HAVE_STRINGS_H 1
| #define HAVE_INTTYPES_H 1
| #define HAVE_STDINT_H 1
| #define HAVE_UNISTD_H 1
| /* end confdefs.h.  */
| #include <dlfcn.h>
configure:5490: result: no
configure:5490: checking for dlfcn.h
configure:5490: result: no
configure:5509: checking for arm-linux-file
configure:5567: result: no
configure:5573: checking for file
configure:5628: result: /usr/bin/file
configure:5647: checking for arm-linux-ranlib
configure:5663: found /usr/local/arm/gcc-4.4.4-glibc-2.11.1-multilib-1.0/arm-fsl-linux-gnueabi/bin/arm-linux-ranlib
configure:5674: result: arm-linux-ranlib
configure:5739: checking for arm-linux-strip
configure:5766: result: arm-uclinuxeabi-strip
configure:6009: checking for objdir
configure:6020: result: .libs
configure:6041: checking for arm-uclinuxeabi-gcc option to produce PIC
configure:6187: result: -fPIC
configure:6191: checking if arm-uclinuxeabi-gcc PIC flag -fPIC works
configure:6209: arm-uclinuxeabi-gcc -c -I. -I./include -I/home/huiafu/uclinux/cortexm_uclinux-master/cross_tools/arm-2010q1-uclinux/arm-uclinuxeabi/include/c++/4.4.1 -I/home/huiafu/uclinux/cortexm_uclinux-master/cross_tools/arm-2010q1-uclinux/arm-uclinuxeabi/libc/usr/include -I/usr/local/minigui/cross/arm/cortex-m3/include -mcpu=cortex-m3 -mthumb -static -fPIC -DPIC  conftest.c >&5
configure:6209: $? = 0
configure:6243: result: yes
configure:6263: checking if arm-uclinuxeabi-gcc static flag -static works
configure:6282: arm-uclinuxeabi-gcc -o conftest -I. -I./include -I/home/huiafu/uclinux/cortexm_uclinux-master/cross_tools/arm-2010q1-uclinux/arm-uclinuxeabi/include/c++/4.4.1 -I/home/huiafu/uclinux/cortexm_uclinux-master/cross_tools/arm-2010q1-uclinux/arm-uclinuxeabi/libc/usr/include -I/usr/local/minigui/cross/arm/cortex-m3/include -mcpu=cortex-m3 -mthumb -static  -L/usr/local/minigui/cross/arm/cortex-m3/lib -L/home/huiafu/uclinux/cortexm_uclinux-master/cross_tools/arm-2010q1-uclinux/arm-uclinuxeabi/libc/usr/lib -static conftest.c  >&5
configure:6282: $? = 0
configure:6294: result: yes
configure:6310: checking if arm-uclinuxeabi-gcc supports -c -o file.o
configure:6330: arm-uclinuxeabi-gcc -c -I. -I./include -I/home/huiafu/uclinux/cortexm_uclinux-master/cross_tools/arm-2010q1-uclinux/arm-uclinuxeabi/include/c++/4.4.1 -I/home/huiafu/uclinux/cortexm_uclinux-master/cross_tools/arm-2010q1-uclinux/arm-uclinuxeabi/libc/usr/include -I/usr/local/minigui/cross/arm/cortex-m3/include -mcpu=cortex-m3 -mthumb -static -o out/conftest2.o  conftest.c >&5
configure:6354: result: yes
configure:6359: checking if arm-uclinuxeabi-gcc supports -c -o file.lo
configure:6381: arm-uclinuxeabi-gcc -c -I. -I./include -I/home/huiafu/uclinux/cortexm_uclinux-master/cross_tools/arm-2010q1-uclinux/arm-uclinuxeabi/include/c++/4.4.1 -I/home/huiafu/uclinux/cortexm_uclinux-master/cross_tools/arm-2010q1-uclinux/arm-uclinuxeabi/libc/usr/include -I/usr/local/minigui/cross/arm/cortex-m3/include -mcpu=cortex-m3 -mthumb -static -c -o conftest.lo  conftest.c >&5
configure:6381: $? = 0
configure:6398: result: yes
configure:6437: checking if arm-uclinuxeabi-gcc supports -fno-rtti -fno-exceptions
configure:6454: arm-uclinuxeabi-gcc -c -I. -I./include -I/home/huiafu/uclinux/cortexm_uclinux-master/cross_tools/arm-2010q1-uclinux/arm-uclinuxeabi/include/c++/4.4.1 -I/home/huiafu/uclinux/cortexm_uclinux-master/cross_tools/arm-2010q1-uclinux/arm-uclinuxeabi/libc/usr/include -I/usr/local/minigui/cross/arm/cortex-m3/include -mcpu=cortex-m3 -mthumb -static -fno-rtti -fno-exceptions -c conftest.c  conftest.c >&5
cc1: warning: command line option "-fno-rtti" is valid for C++/ObjC++ but not for C
cc1: warning: command line option "-fno-rtti" is valid for C++/ObjC++ but not for C
configure:6454: $? = 0
configure:6466: result: no
configure:6481: checking whether the linker (/home/hujiafu/uclinux/git_uclinux/lpc1788_uclinux/cortexm_uclinux-master/cross_tools/arm-2010q1-uclinux/arm-uclinuxeabi/bin/ld) supports shared libraries
configure:7176: result: yes
configure:7185: checking how to hardcode library paths into programs
configure:7209: result: immediate
configure:7218: checking whether stripping libraries is possible
configure:7223: result: yes
configure:7238: checking dynamic linker characteristics
configure:7669: result: GNU/Linux ld.so
configure:7678: checking if libtool supports shared libraries
configure:7680: result: yes
configure:7687: checking whether to build shared libraries
configure:7708: result: no
configure:7715: checking whether to build static libraries
configure:7719: result: yes
configure:8811: checking for arm-linux-gcc
configure:8838: result: arm-uclinuxeabi-gcc
configure:9107: checking for C compiler version
configure:9116: arm-uclinuxeabi-gcc --version >&5
arm-uclinuxeabi-gcc (Sourcery G++ Lite 2010q1-189) 4.4.1
Copyright (C) 2009 Free Software Foundation, Inc.
This is free software; see the source for copying conditions.  There is NO
warranty; not even for MERCHANTABILITY or FITNESS FOR A PARTICULAR PURPOSE.

configure:9127: $? = 0
configure:9116: arm-uclinuxeabi-gcc -v >&5
Using built-in specs.
Target: arm-uclinuxeabi
Configured with: /scratch/julian/2010q1-release-uclinux-lite/src/gcc-4.4-2010q1/configure --build=i686-pc-linux-gnu --host=i686-pc-linux-gnu --target=arm-uclinuxeabi --enable-threads --disable-libmudflap --disable-libssp --disable-libstdcxx-pch --enable-extra-sgxxlite-multilibs --with-gnu-as --with-gnu-ld --with-specs='%{O2:%{!fno-remove-local-statics: -fremove-local-statics}} %{O*:%{O|O0|O1|O2|Os:;:%{!fno-remove-local-statics: -fremove-local-statics}}}' --enable-languages=c,c++ --disable-shared --disable-lto --with-pkgversion='Sourcery G++ Lite 2010q1-189' --with-bugurl=https://support.codesourcery.com/GNUToolchain/ --disable-nls --prefix=/opt/codesourcery --with-sysroot=/opt/codesourcery/arm-uclinuxeabi/libc --with-build-sysroot=/scratch/julian/2010q1-release-uclinux-lite/install/arm-uclinuxeabi/libc --with-gmp=/scratch/julian/2010q1-release-uclinux-lite/obj/host-libs-2010q1-189-arm-uclinuxeabi-i686-pc-linux-gnu/usr --with-mpfr=/scratch/julian/2010q1-release-uclinux-lite/obj/host-libs-2010q1-189-arm-uclinuxeabi-i686-pc-linux-gnu/usr --with-ppl=/scratch/julian/2010q1-release-uclinux-lite/obj/host-libs-2010q1-189-arm-uclinuxeabi-i686-pc-linux-gnu/usr --with-host-libstdcxx='-static-libgcc -Wl,-Bstatic,-lstdc++,-Bdynamic -lm' --with-cloog=/scratch/julian/2010q1-release-uclinux-lite/obj/host-libs-2010q1-189-arm-uclinuxeabi-i686-pc-linux-gnu/usr --disable-libgomp --enable-poison-system-directories --with-build-time-tools=/scratch/julian/2010q1-release-uclinux-lite/install/arm-uclinuxeabi/bin --with-build-time-tools=/scratch/julian/2010q1-release-uclinux-lite/install/arm-uclinuxeabi/bin
Thread model: single
gcc version 4.4.1 (Sourcery G++ Lite 2010q1-189) 
configure:9127: $? = 0
configure:9116: arm-uclinuxeabi-gcc -V >&5
arm-uclinuxeabi-gcc: '-V' option must have argument
configure:9127: $? = 1
configure:9116: arm-uclinuxeabi-gcc -qversion >&5
arm-uclinuxeabi-gcc: unrecognized option '-qversion'
arm-uclinuxeabi-gcc: no input files
configure:9127: $? = 1
configure:9131: checking whether we are using the GNU C compiler
configure:9159: result: yes
configure:9168: checking whether arm-uclinuxeabi-gcc accepts -g
configure:9229: result: yes
configure:9246: checking for arm-uclinuxeabi-gcc option to accept ISO C89
configure:9323: result: none needed
configure:9345: checking dependency style of arm-uclinuxeabi-gcc
configure:9456: result: gcc3
configure:9482: checking for ld used by GCC
configure:9545: result: /home/hujiafu/uclinux/git_uclinux/lpc1788_uclinux/cortexm_uclinux-master/cross_tools/arm-2010q1-uclinux/arm-uclinuxeabi/bin/ld
configure:9552: checking if the linker (/home/hujiafu/uclinux/git_uclinux/lpc1788_uclinux/cortexm_uclinux-master/cross_tools/arm-2010q1-uclinux/arm-uclinuxeabi/bin/ld) is GNU ld
configure:9564: result: yes
configure:9572: checking for arm-linux-ranlib
configure:9599: result: arm-linux-ranlib
configure:9662: checking whether ln -s works
configure:9666: result: yes
configure:9673: checking whether make sets $(MAKE)
configure:9695: result: yes
configure:9705: checking for ANSI C header files
configure:9809: result: yes
configure:9820: checking for dirent.h that defines DIR
configure:9839: arm-uclinuxeabi-gcc -c -I. -I./include -I/home/huiafu/uclinux/cortexm_uclinux-master/cross_tools/arm-2010q1-uclinux/arm-uclinuxeabi/include/c++/4.4.1 -I/home/huiafu/uclinux/cortexm_uclinux-master/cross_tools/arm-2010q1-uclinux/arm-uclinuxeabi/libc/usr/include -I/usr/local/minigui/cross/arm/cortex-m3/include -mcpu=cortex-m3 -mthumb -static  conftest.c >&5
configure:9839: $? = 0
configure:9847: result: yes
configure:9860: checking for library containing opendir
configure:9891: arm-uclinuxeabi-gcc -o conftest -I. -I./include -I/home/huiafu/uclinux/cortexm_uclinux-master/cross_tools/arm-2010q1-uclinux/arm-uclinuxeabi/include/c++/4.4.1 -I/home/huiafu/uclinux/cortexm_uclinux-master/cross_tools/arm-2010q1-uclinux/arm-uclinuxeabi/libc/usr/include -I/usr/local/minigui/cross/arm/cortex-m3/include -mcpu=cortex-m3 -mthumb -static  -L/usr/local/minigui/cross/arm/cortex-m3/lib -L/home/huiafu/uclinux/cortexm_uclinux-master/cross_tools/arm-2010q1-uclinux/arm-uclinuxeabi/libc/usr/lib conftest.c  >&5
configure:9891: $? = 0
configure:9908: result: none required
configure:9978: checking for sys/types.h
configure:9978: result: yes
configure:9978: checking sys/time.h usability
configure:9978: arm-uclinuxeabi-gcc -c -I. -I./include -I/home/huiafu/uclinux/cortexm_uclinux-master/cross_tools/arm-2010q1-uclinux/arm-uclinuxeabi/include/c++/4.4.1 -I/home/huiafu/uclinux/cortexm_uclinux-master/cross_tools/arm-2010q1-uclinux/arm-uclinuxeabi/libc/usr/include -I/usr/local/minigui/cross/arm/cortex-m3/include -mcpu=cortex-m3 -mthumb -static  conftest.c >&5
configure:9978: $? = 0
configure:9978: result: yes
configure:9978: checking sys/time.h presence
configure:9978: arm-uclinuxeabi-cpp  conftest.c
configure:9978: $? = 0
configure:9978: result: yes
configure:9978: checking for sys/time.h
configure:9978: result: yes
configure:9978: checking termio.h usability
configure:9978: arm-uclinuxeabi-gcc -c -I. -I./include -I/home/huiafu/uclinux/cortexm_uclinux-master/cross_tools/arm-2010q1-uclinux/arm-uclinuxeabi/include/c++/4.4.1 -I/home/huiafu/uclinux/cortexm_uclinux-master/cross_tools/arm-2010q1-uclinux/arm-uclinuxeabi/libc/usr/include -I/usr/local/minigui/cross/arm/cortex-m3/include -mcpu=cortex-m3 -mthumb -static  conftest.c >&5
configure:9978: $? = 0
configure:9978: result: yes
configure:9978: checking termio.h presence
configure:9978: arm-uclinuxeabi-cpp  conftest.c
configure:9978: $? = 0
configure:9978: result: yes
configure:9978: checking for termio.h
configure:9978: result: yes
configure:9978: checking for unistd.h
configure:9978: result: yes
configure:9978: checking math.h usability
configure:9978: arm-uclinuxeabi-gcc -c -I. -I./include -I/home/huiafu/uclinux/cortexm_uclinux-master/cross_tools/arm-2010q1-uclinux/arm-uclinuxeabi/include/c++/4.4.1 -I/home/huiafu/uclinux/cortexm_uclinux-master/cross_tools/arm-2010q1-uclinux/arm-uclinuxeabi/libc/usr/include -I/usr/local/minigui/cross/arm/cortex-m3/include -mcpu=cortex-m3 -mthumb -static  conftest.c >&5
configure:9978: $? = 0
configure:9978: result: yes
configure:9978: checking math.h presence
configure:9978: arm-uclinuxeabi-cpp  conftest.c
configure:9978: $? = 0
configure:9978: result: yes
configure:9978: checking for math.h
configure:9978: result: yes
configure:9978: checking locale.h usability
configure:9978: arm-uclinuxeabi-gcc -c -I. -I./include -I/home/huiafu/uclinux/cortexm_uclinux-master/cross_tools/arm-2010q1-uclinux/arm-uclinuxeabi/include/c++/4.4.1 -I/home/huiafu/uclinux/cortexm_uclinux-master/cross_tools/arm-2010q1-uclinux/arm-uclinuxeabi/libc/usr/include -I/usr/local/minigui/cross/arm/cortex-m3/include -mcpu=cortex-m3 -mthumb -static  conftest.c >&5
configure:9978: $? = 0
configure:9978: result: yes
configure:9978: checking locale.h presence
configure:9978: arm-uclinuxeabi-cpp  conftest.c
configure:9978: $? = 0
configure:9978: result: yes
configure:9978: checking for locale.h
configure:9978: result: yes
configure:9989: checking for an ANSI C-conforming const
configure:10054: arm-uclinuxeabi-gcc -c -I. -I./include -I/home/huiafu/uclinux/cortexm_uclinux-master/cross_tools/arm-2010q1-uclinux/arm-uclinuxeabi/include/c++/4.4.1 -I/home/huiafu/uclinux/cortexm_uclinux-master/cross_tools/arm-2010q1-uclinux/arm-uclinuxeabi/libc/usr/include -I/usr/local/minigui/cross/arm/cortex-m3/include -mcpu=cortex-m3 -mthumb -static  conftest.c >&5
configure:10054: $? = 0
configure:10061: result: yes
configure:10069: checking for inline
configure:10085: arm-uclinuxeabi-gcc -c -I. -I./include -I/home/huiafu/uclinux/cortexm_uclinux-master/cross_tools/arm-2010q1-uclinux/arm-uclinuxeabi/include/c++/4.4.1 -I/home/huiafu/uclinux/cortexm_uclinux-master/cross_tools/arm-2010q1-uclinux/arm-uclinuxeabi/libc/usr/include -I/usr/local/minigui/cross/arm/cortex-m3/include -mcpu=cortex-m3 -mthumb -static  conftest.c >&5
configure:10085: $? = 0
configure:10093: result: inline
configure:10111: checking for size_t
configure:10111: arm-uclinuxeabi-gcc -c -I. -I./include -I/home/huiafu/uclinux/cortexm_uclinux-master/cross_tools/arm-2010q1-uclinux/arm-uclinuxeabi/include/c++/4.4.1 -I/home/huiafu/uclinux/cortexm_uclinux-master/cross_tools/arm-2010q1-uclinux/arm-uclinuxeabi/libc/usr/include -I/usr/local/minigui/cross/arm/cortex-m3/include -mcpu=cortex-m3 -mthumb -static  conftest.c >&5
configure:10111: $? = 0
configure:10111: arm-uclinuxeabi-gcc -c -I. -I./include -I/home/huiafu/uclinux/cortexm_uclinux-master/cross_tools/arm-2010q1-uclinux/arm-uclinuxeabi/include/c++/4.4.1 -I/home/huiafu/uclinux/cortexm_uclinux-master/cross_tools/arm-2010q1-uclinux/arm-uclinuxeabi/libc/usr/include -I/usr/local/minigui/cross/arm/cortex-m3/include -mcpu=cortex-m3 -mthumb -static  conftest.c >&5
conftest.c: In function 'main':
conftest.c:63: error: expected expression before ')' token
configure:10111: $? = 1
configure: failed program was:
| /* confdefs.h */
| #define PACKAGE_NAME "libminigui"
| #define PACKAGE_TARNAME "libminigui"
| #define PACKAGE_VERSION "3.0.12"
| #define PACKAGE_STRING "libminigui 3.0.12"
| #define PACKAGE_BUGREPORT ""
| #define PACKAGE_URL ""
| #define STDC_HEADERS 1
| #define HAVE_SYS_TYPES_H 1
| #define HAVE_SYS_STAT_H 1
| #define HAVE_STDLIB_H 1
| #define HAVE_STRING_H 1
| #define HAVE_MEMORY_H 1
| #define HAVE_STRINGS_H 1
| #define HAVE_INTTYPES_H 1
| #define HAVE_STDINT_H 1
| #define HAVE_UNISTD_H 1
| #define STDC_HEADERS 1
| #define HAVE_DIRENT_H 1
| #define HAVE_SYS_TYPES_H 1
| #define HAVE_SYS_TIME_H 1
| #define HAVE_TERMIO_H 1
| #define HAVE_UNISTD_H 1
| #define HAVE_MATH_H 1
| #define HAVE_LOCALE_H 1
| /* end confdefs.h.  */
| #include <stdio.h>
| #ifdef HAVE_SYS_TYPES_H
| # include <sys/types.h>
| #endif
| #ifdef HAVE_SYS_STAT_H
| # include <sys/stat.h>
| #endif
| #ifdef STDC_HEADERS
| # include <stdlib.h>
| # include <stddef.h>
| #else
| # ifdef HAVE_STDLIB_H
| #  include <stdlib.h>
| # endif
| #endif
| #ifdef HAVE_STRING_H
| # if !defined STDC_HEADERS && defined HAVE_MEMORY_H
| #  include <memory.h>
| # endif
| # include <string.h>
| #endif
| #ifdef HAVE_STRINGS_H
| # include <strings.h>
| #endif
| #ifdef HAVE_INTTYPES_H
| # include <inttypes.h>
| #endif
| #ifdef HAVE_STDINT_H
| # include <stdint.h>
| #endif
| #ifdef HAVE_UNISTD_H
| # include <unistd.h>
| #endif
| int
| main ()
| {
| if (sizeof ((size_t)))
| 	    return 0;
|   ;
|   return 0;
| }
configure:10111: result: yes
configure:10122: checking whether time.h and sys/time.h may both be included
configure:10142: arm-uclinuxeabi-gcc -c -I. -I./include -I/home/huiafu/uclinux/cortexm_uclinux-master/cross_tools/arm-2010q1-uclinux/arm-uclinuxeabi/include/c++/4.4.1 -I/home/huiafu/uclinux/cortexm_uclinux-master/cross_tools/arm-2010q1-uclinux/arm-uclinuxeabi/libc/usr/include -I/usr/local/minigui/cross/arm/cortex-m3/include -mcpu=cortex-m3 -mthumb -static  conftest.c >&5
configure:10142: $? = 0
configure:10149: result: yes
configure:10157: checking whether struct tm is in sys/time.h or time.h
configure:10177: arm-uclinuxeabi-gcc -c -I. -I./include -I/home/huiafu/uclinux/cortexm_uclinux-master/cross_tools/arm-2010q1-uclinux/arm-uclinuxeabi/include/c++/4.4.1 -I/home/huiafu/uclinux/cortexm_uclinux-master/cross_tools/arm-2010q1-uclinux/arm-uclinuxeabi/libc/usr/include -I/usr/local/minigui/cross/arm/cortex-m3/include -mcpu=cortex-m3 -mthumb -static  conftest.c >&5
configure:10177: $? = 0
configure:10184: result: time.h
configure:10195: checking for working alloca.h
configure:10212: arm-uclinuxeabi-gcc -o conftest -I. -I./include -I/home/huiafu/uclinux/cortexm_uclinux-master/cross_tools/arm-2010q1-uclinux/arm-uclinuxeabi/include/c++/4.4.1 -I/home/huiafu/uclinux/cortexm_uclinux-master/cross_tools/arm-2010q1-uclinux/arm-uclinuxeabi/libc/usr/include -I/usr/local/minigui/cross/arm/cortex-m3/include -mcpu=cortex-m3 -mthumb -static  -L/usr/local/minigui/cross/arm/cortex-m3/lib -L/home/huiafu/uclinux/cortexm_uclinux-master/cross_tools/arm-2010q1-uclinux/arm-uclinuxeabi/libc/usr/lib conftest.c  >&5
configure:10212: $? = 0
configure:10220: result: yes
configure:10228: checking for alloca
configure:10265: arm-uclinuxeabi-gcc -o conftest -I. -I./include -I/home/huiafu/uclinux/cortexm_uclinux-master/cross_tools/arm-2010q1-uclinux/arm-uclinuxeabi/include/c++/4.4.1 -I/home/huiafu/uclinux/cortexm_uclinux-master/cross_tools/arm-2010q1-uclinux/arm-uclinuxeabi/libc/usr/include -I/usr/local/minigui/cross/arm/cortex-m3/include -mcpu=cortex-m3 -mthumb -static  -L/usr/local/minigui/cross/arm/cortex-m3/lib -L/home/huiafu/uclinux/cortexm_uclinux-master/cross_tools/arm-2010q1-uclinux/arm-uclinuxeabi/libc/usr/lib conftest.c  >&5
configure:10265: $? = 0
configure:10273: result: yes
configure:10382: checking for working memcmp
configure:10435: result: no
configure:10450: checking for stdlib.h
configure:10450: result: yes
configure:10450: checking for unistd.h
configure:10450: result: yes
configure:10450: checking for sys/param.h
configure:10450: arm-uclinuxeabi-gcc -c -I. -I./include -I/home/huiafu/uclinux/cortexm_uclinux-master/cross_tools/arm-2010q1-uclinux/arm-uclinuxeabi/include/c++/4.4.1 -I/home/huiafu/uclinux/cortexm_uclinux-master/cross_tools/arm-2010q1-uclinux/arm-uclinuxeabi/libc/usr/include -I/usr/local/minigui/cross/arm/cortex-m3/include -mcpu=cortex-m3 -mthumb -static  conftest.c >&5
configure:10450: $? = 0
configure:10450: result: yes
configure:10470: checking for getpagesize
configure:10470: arm-uclinuxeabi-gcc -o conftest -I. -I./include -I/home/huiafu/uclinux/cortexm_uclinux-master/cross_tools/arm-2010q1-uclinux/arm-uclinuxeabi/include/c++/4.4.1 -I/home/huiafu/uclinux/cortexm_uclinux-master/cross_tools/arm-2010q1-uclinux/arm-uclinuxeabi/libc/usr/include -I/usr/local/minigui/cross/arm/cortex-m3/include -mcpu=cortex-m3 -mthumb -static  -L/usr/local/minigui/cross/arm/cortex-m3/lib -L/home/huiafu/uclinux/cortexm_uclinux-master/cross_tools/arm-2010q1-uclinux/arm-uclinuxeabi/libc/usr/lib conftest.c  >&5
configure:10470: $? = 0
configure:10470: result: yes
configure:10479: checking for working mmap
configure:10636: result: no
configure:10647: checking for vprintf
configure:10647: arm-uclinuxeabi-gcc -o conftest -I. -I./include -I/home/huiafu/uclinux/cortexm_uclinux-master/cross_tools/arm-2010q1-uclinux/arm-uclinuxeabi/include/c++/4.4.1 -I/home/huiafu/uclinux/cortexm_uclinux-master/cross_tools/arm-2010q1-uclinux/arm-uclinuxeabi/libc/usr/include -I/usr/local/minigui/cross/arm/cortex-m3/include -mcpu=cortex-m3 -mthumb -static  -L/usr/local/minigui/cross/arm/cortex-m3/lib -L/home/huiafu/uclinux/cortexm_uclinux-master/cross_tools/arm-2010q1-uclinux/arm-uclinuxeabi/libc/usr/lib conftest.c  >&5
conftest.c:57: warning: conflicting types for built-in function 'vprintf'
configure:10647: $? = 0
configure:10647: result: yes
configure:10653: checking for _doprnt
configure:10653: arm-uclinuxeabi-gcc -o conftest -I. -I./include -I/home/huiafu/uclinux/cortexm_uclinux-master/cross_tools/arm-2010q1-uclinux/arm-uclinuxeabi/include/c++/4.4.1 -I/home/huiafu/uclinux/cortexm_uclinux-master/cross_tools/arm-2010q1-uclinux/arm-uclinuxeabi/libc/usr/include -I/usr/local/minigui/cross/arm/cortex-m3/include -mcpu=cortex-m3 -mthumb -static  -L/usr/local/minigui/cross/arm/cortex-m3/lib -L/home/huiafu/uclinux/cortexm_uclinux-master/cross_tools/arm-2010q1-uclinux/arm-uclinuxeabi/libc/usr/lib conftest.c  >&5
/tmp/ccWaSyJy.o: In function `main':
conftest.c:(.text+0x4): undefined reference to `_doprnt'
collect2: ld returned 1 exit status
configure:10653: $? = 1
configure: failed program was:
| /* confdefs.h */
| #define PACKAGE_NAME "libminigui"
| #define PACKAGE_TARNAME "libminigui"
| #define PACKAGE_VERSION "3.0.12"
| #define PACKAGE_STRING "libminigui 3.0.12"
| #define PACKAGE_BUGREPORT ""
| #define PACKAGE_URL ""
| #define STDC_HEADERS 1
| #define HAVE_SYS_TYPES_H 1
| #define HAVE_SYS_STAT_H 1
| #define HAVE_STDLIB_H 1
| #define HAVE_STRING_H 1
| #define HAVE_MEMORY_H 1
| #define HAVE_STRINGS_H 1
| #define HAVE_INTTYPES_H 1
| #define HAVE_STDINT_H 1
| #define HAVE_UNISTD_H 1
| #define STDC_HEADERS 1
| #define HAVE_DIRENT_H 1
| #define HAVE_SYS_TYPES_H 1
| #define HAVE_SYS_TIME_H 1
| #define HAVE_TERMIO_H 1
| #define HAVE_UNISTD_H 1
| #define HAVE_MATH_H 1
| #define HAVE_LOCALE_H 1
| #define TIME_WITH_SYS_TIME 1
| #define HAVE_ALLOCA_H 1
| #define HAVE_ALLOCA 1
| #define HAVE_STDLIB_H 1
| #define HAVE_UNISTD_H 1
| #define HAVE_SYS_PARAM_H 1
| #define HAVE_GETPAGESIZE 1
| #define HAVE_VPRINTF 1
| /* end confdefs.h.  */
| /* Define _doprnt to an innocuous variant, in case <limits.h> declares _doprnt.
|    For example, HP-UX 11i <limits.h> declares gettimeofday.  */
| #define _doprnt innocuous__doprnt
| 
| /* System header to define __stub macros and hopefully few prototypes,
|     which can conflict with char _doprnt (); below.
|     Prefer <limits.h> to <assert.h> if __STDC__ is defined, since
|     <limits.h> exists even on freestanding compilers.  */
| 
| #ifdef __STDC__
| # include <limits.h>
| #else
| # include <assert.h>
| #endif
| 
| #undef _doprnt
| 
| /* Override any GCC internal prototype to avoid an error.
|    Use char because int might match the return type of a GCC
|    builtin and then its argument prototype would still apply.  */
| #ifdef __cplusplus
| extern "C"
| #endif
| char _doprnt ();
| /* The GNU C library defines this for functions which it implements
|     to always fail with ENOSYS.  Some functions are actually named
|     something starting with __ and the normal name is an alias.  */
| #if defined __stub__doprnt || defined __stub____doprnt
| choke me
| #endif
| 
| int
| main ()
| {
| return _doprnt ();
|   ;
|   return 0;
| }
configure:10653: result: no
configure:10667: checking for time
configure:10667: arm-uclinuxeabi-gcc -o conftest -I. -I./include -I/home/huiafu/uclinux/cortexm_uclinux-master/cross_tools/arm-2010q1-uclinux/arm-uclinuxeabi/include/c++/4.4.1 -I/home/huiafu/uclinux/cortexm_uclinux-master/cross_tools/arm-2010q1-uclinux/arm-uclinuxeabi/libc/usr/include -I/usr/local/minigui/cross/arm/cortex-m3/include -mcpu=cortex-m3 -mthumb -static  -L/usr/local/minigui/cross/arm/cortex-m3/lib -L/home/huiafu/uclinux/cortexm_uclinux-master/cross_tools/arm-2010q1-uclinux/arm-uclinuxeabi/libc/usr/lib conftest.c  >&5
configure:10667: $? = 0
configure:10667: result: yes
configure:10667: checking for mktime
configure:10667: arm-uclinuxeabi-gcc -o conftest -I. -I./include -I/home/huiafu/uclinux/cortexm_uclinux-master/cross_tools/arm-2010q1-uclinux/arm-uclinuxeabi/include/c++/4.4.1 -I/home/huiafu/uclinux/cortexm_uclinux-master/cross_tools/arm-2010q1-uclinux/arm-uclinuxeabi/libc/usr/include -I/usr/local/minigui/cross/arm/cortex-m3/include -mcpu=cortex-m3 -mthumb -static  -L/usr/local/minigui/cross/arm/cortex-m3/lib -L/home/huiafu/uclinux/cortexm_uclinux-master/cross_tools/arm-2010q1-uclinux/arm-uclinuxeabi/libc/usr/lib conftest.c  >&5
configure:10667: $? = 0
configure:10667: result: yes
configure:10667: checking for localtime
configure:10667: arm-uclinuxeabi-gcc -o conftest -I. -I./include -I/home/huiafu/uclinux/cortexm_uclinux-master/cross_tools/arm-2010q1-uclinux/arm-uclinuxeabi/include/c++/4.4.1 -I/home/huiafu/uclinux/cortexm_uclinux-master/cross_tools/arm-2010q1-uclinux/arm-uclinuxeabi/libc/usr/include -I/usr/local/minigui/cross/arm/cortex-m3/include -mcpu=cortex-m3 -mthumb -static  -L/usr/local/minigui/cross/arm/cortex-m3/lib -L/home/huiafu/uclinux/cortexm_uclinux-master/cross_tools/arm-2010q1-uclinux/arm-uclinuxeabi/libc/usr/lib conftest.c  >&5
configure:10667: $? = 0
configure:10667: result: yes
configure:10667: checking for strdup
configure:10667: arm-uclinuxeabi-gcc -o conftest -I. -I./include -I/home/huiafu/uclinux/cortexm_uclinux-master/cross_tools/arm-2010q1-uclinux/arm-uclinuxeabi/include/c++/4.4.1 -I/home/huiafu/uclinux/cortexm_uclinux-master/cross_tools/arm-2010q1-uclinux/arm-uclinuxeabi/libc/usr/include -I/usr/local/minigui/cross/arm/cortex-m3/include -mcpu=cortex-m3 -mthumb -static  -L/usr/local/minigui/cross/arm/cortex-m3/lib -L/home/huiafu/uclinux/cortexm_uclinux-master/cross_tools/arm-2010q1-uclinux/arm-uclinuxeabi/libc/usr/lib conftest.c  >&5
conftest.c:61: warning: conflicting types for built-in function 'strdup'
configure:10667: $? = 0
configure:10667: result: yes
configure:10667: checking for strcasecmp
configure:10667: arm-uclinuxeabi-gcc -o conftest -I. -I./include -I/home/huiafu/uclinux/cortexm_uclinux-master/cross_tools/arm-2010q1-uclinux/arm-uclinuxeabi/include/c++/4.4.1 -I/home/huiafu/uclinux/cortexm_uclinux-master/cross_tools/arm-2010q1-uclinux/arm-uclinuxeabi/libc/usr/include -I/usr/local/minigui/cross/arm/cortex-m3/include -mcpu=cortex-m3 -mthumb -static  -L/usr/local/minigui/cross/arm/cortex-m3/lib -L/home/huiafu/uclinux/cortexm_uclinux-master/cross_tools/arm-2010q1-uclinux/arm-uclinuxeabi/libc/usr/lib conftest.c  >&5
conftest.c:62: warning: conflicting types for built-in function 'strcasecmp'
configure:10667: $? = 0
configure:10667: result: yes
configure:10667: checking for strncasecmp
configure:10667: arm-uclinuxeabi-gcc -o conftest -I. -I./include -I/home/huiafu/uclinux/cortexm_uclinux-master/cross_tools/arm-2010q1-uclinux/arm-uclinuxeabi/include/c++/4.4.1 -I/home/huiafu/uclinux/cortexm_uclinux-master/cross_tools/arm-2010q1-uclinux/arm-uclinuxeabi/libc/usr/include -I/usr/local/minigui/cross/arm/cortex-m3/include -mcpu=cortex-m3 -mthumb -static  -L/usr/local/minigui/cross/arm/cortex-m3/lib -L/home/huiafu/uclinux/cortexm_uclinux-master/cross_tools/arm-2010q1-uclinux/arm-uclinuxeabi/libc/usr/lib conftest.c  >&5
conftest.c:63: warning: conflicting types for built-in function 'strncasecmp'
configure:10667: $? = 0
configure:10667: result: yes
configure:10667: checking for strerror
configure:10667: arm-uclinuxeabi-gcc -o conftest -I. -I./include -I/home/huiafu/uclinux/cortexm_uclinux-master/cross_tools/arm-2010q1-uclinux/arm-uclinuxeabi/include/c++/4.4.1 -I/home/huiafu/uclinux/cortexm_uclinux-master/cross_tools/arm-2010q1-uclinux/arm-uclinuxeabi/libc/usr/include -I/usr/local/minigui/cross/arm/cortex-m3/include -mcpu=cortex-m3 -mthumb -static  -L/usr/local/minigui/cross/arm/cortex-m3/lib -L/home/huiafu/uclinux/cortexm_uclinux-master/cross_tools/arm-2010q1-uclinux/arm-uclinuxeabi/libc/usr/lib conftest.c  >&5
configure:10667: $? = 0
configure:10667: result: yes
configure:10667: checking for setlocale
configure:10667: arm-uclinuxeabi-gcc -o conftest -I. -I./include -I/home/huiafu/uclinux/cortexm_uclinux-master/cross_tools/arm-2010q1-uclinux/arm-uclinuxeabi/include/c++/4.4.1 -I/home/huiafu/uclinux/cortexm_uclinux-master/cross_tools/arm-2010q1-uclinux/arm-uclinuxeabi/libc/usr/include -I/usr/local/minigui/cross/arm/cortex-m3/include -mcpu=cortex-m3 -mthumb -static  -L/usr/local/minigui/cross/arm/cortex-m3/lib -L/home/huiafu/uclinux/cortexm_uclinux-master/cross_tools/arm-2010q1-uclinux/arm-uclinuxeabi/libc/usr/lib conftest.c  >&5
configure:10667: $? = 0
configure:10667: result: yes
configure:10667: checking for getpt
configure:10667: arm-uclinuxeabi-gcc -o conftest -I. -I./include -I/home/huiafu/uclinux/cortexm_uclinux-master/cross_tools/arm-2010q1-uclinux/arm-uclinuxeabi/include/c++/4.4.1 -I/home/huiafu/uclinux/cortexm_uclinux-master/cross_tools/arm-2010q1-uclinux/arm-uclinuxeabi/libc/usr/include -I/usr/local/minigui/cross/arm/cortex-m3/include -mcpu=cortex-m3 -mthumb -static  -L/usr/local/minigui/cross/arm/cortex-m3/lib -L/home/huiafu/uclinux/cortexm_uclinux-master/cross_tools/arm-2010q1-uclinux/arm-uclinuxeabi/libc/usr/lib conftest.c  >&5
/tmp/cc6DORzl.o: In function `main':
conftest.c:(.text+0x4): undefined reference to `getpt'
collect2: ld returned 1 exit status
configure:10667: $? = 1
configure: failed program was:
| /* confdefs.h */
| #define PACKAGE_NAME "libminigui"
| #define PACKAGE_TARNAME "libminigui"
| #define PACKAGE_VERSION "3.0.12"
| #define PACKAGE_STRING "libminigui 3.0.12"
| #define PACKAGE_BUGREPORT ""
| #define PACKAGE_URL ""
| #define STDC_HEADERS 1
| #define HAVE_SYS_TYPES_H 1
| #define HAVE_SYS_STAT_H 1
| #define HAVE_STDLIB_H 1
| #define HAVE_STRING_H 1
| #define HAVE_MEMORY_H 1
| #define HAVE_STRINGS_H 1
| #define HAVE_INTTYPES_H 1
| #define HAVE_STDINT_H 1
| #define HAVE_UNISTD_H 1
| #define STDC_HEADERS 1
| #define HAVE_DIRENT_H 1
| #define HAVE_SYS_TYPES_H 1
| #define HAVE_SYS_TIME_H 1
| #define HAVE_TERMIO_H 1
| #define HAVE_UNISTD_H 1
| #define HAVE_MATH_H 1
| #define HAVE_LOCALE_H 1
| #define TIME_WITH_SYS_TIME 1
| #define HAVE_ALLOCA_H 1
| #define HAVE_ALLOCA 1
| #define HAVE_STDLIB_H 1
| #define HAVE_UNISTD_H 1
| #define HAVE_SYS_PARAM_H 1
| #define HAVE_GETPAGESIZE 1
| #define HAVE_VPRINTF 1
| #define HAVE_TIME 1
| #define HAVE_MKTIME 1
| #define HAVE_LOCALTIME 1
| #define HAVE_STRDUP 1
| #define HAVE_STRCASECMP 1
| #define HAVE_STRNCASECMP 1
| #define HAVE_STRERROR 1
| #define HAVE_SETLOCALE 1
| /* end confdefs.h.  */
| /* Define getpt to an innocuous variant, in case <limits.h> declares getpt.
|    For example, HP-UX 11i <limits.h> declares gettimeofday.  */
| #define getpt innocuous_getpt
| 
| /* System header to define __stub macros and hopefully few prototypes,
|     which can conflict with char getpt (); below.
|     Prefer <limits.h> to <assert.h> if __STDC__ is defined, since
|     <limits.h> exists even on freestanding compilers.  */
| 
| #ifdef __STDC__
| # include <limits.h>
| #else
| # include <assert.h>
| #endif
| 
| #undef getpt
| 
| /* Override any GCC internal prototype to avoid an error.
|    Use char because int might match the return type of a GCC
|    builtin and then its argument prototype would still apply.  */
| #ifdef __cplusplus
| extern "C"
| #endif
| char getpt ();
| /* The GNU C library defines this for functions which it implements
|     to always fail with ENOSYS.  Some functions are actually named
|     something starting with __ and the normal name is an alias.  */
| #if defined __stub_getpt || defined __stub___getpt
| choke me
| #endif
| 
| int
| main ()
| {
| return getpt ();
|   ;
|   return 0;
| }
configure:10667: result: no
configure:11775: checking for FrameBuffer console support
configure:11794: arm-uclinuxeabi-gcc -c -I. -I./include -I/home/huiafu/uclinux/cortexm_uclinux-master/cross_tools/arm-2010q1-uclinux/arm-uclinuxeabi/include/c++/4.4.1 -I/home/huiafu/uclinux/cortexm_uclinux-master/cross_tools/arm-2010q1-uclinux/arm-uclinuxeabi/libc/usr/include -I/usr/local/minigui/cross/arm/cortex-m3/include -mcpu=cortex-m3 -mthumb -static  conftest.c >&5
configure:11794: $? = 0
configure:11800: result: yes
configure:11810: checking for pci_system_init in -lpciaccess
configure:11835: arm-uclinuxeabi-gcc -o conftest -I. -I./include -I/home/huiafu/uclinux/cortexm_uclinux-master/cross_tools/arm-2010q1-uclinux/arm-uclinuxeabi/include/c++/4.4.1 -I/home/huiafu/uclinux/cortexm_uclinux-master/cross_tools/arm-2010q1-uclinux/arm-uclinuxeabi/libc/usr/include -I/usr/local/minigui/cross/arm/cortex-m3/include -mcpu=cortex-m3 -mthumb -static  -L/usr/local/minigui/cross/arm/cortex-m3/lib -L/home/huiafu/uclinux/cortexm_uclinux-master/cross_tools/arm-2010q1-uclinux/arm-uclinuxeabi/libc/usr/lib conftest.c -lpciaccess   >&5
/home/hujiafu/uclinux/git_uclinux/lpc1788_uclinux/cortexm_uclinux-master/cross_tools/arm-2010q1-uclinux/arm-uclinuxeabi/bin/ld.real: cannot find -lpciaccess
collect2: ld returned 1 exit status
configure:11835: $? = 1
configure: failed program was:
| /* confdefs.h */
| #define PACKAGE_NAME "libminigui"
| #define PACKAGE_TARNAME "libminigui"
| #define PACKAGE_VERSION "3.0.12"
| #define PACKAGE_STRING "libminigui 3.0.12"
| #define PACKAGE_BUGREPORT ""
| #define PACKAGE_URL ""
| #define STDC_HEADERS 1
| #define HAVE_SYS_TYPES_H 1
| #define HAVE_SYS_STAT_H 1
| #define HAVE_STDLIB_H 1
| #define HAVE_STRING_H 1
| #define HAVE_MEMORY_H 1
| #define HAVE_STRINGS_H 1
| #define HAVE_INTTYPES_H 1
| #define HAVE_STDINT_H 1
| #define HAVE_UNISTD_H 1
| #define STDC_HEADERS 1
| #define HAVE_DIRENT_H 1
| #define HAVE_SYS_TYPES_H 1
| #define HAVE_SYS_TIME_H 1
| #define HAVE_TERMIO_H 1
| #define HAVE_UNISTD_H 1
| #define HAVE_MATH_H 1
| #define HAVE_LOCALE_H 1
| #define TIME_WITH_SYS_TIME 1
| #define HAVE_ALLOCA_H 1
| #define HAVE_ALLOCA 1
| #define HAVE_STDLIB_H 1
| #define HAVE_UNISTD_H 1
| #define HAVE_SYS_PARAM_H 1
| #define HAVE_GETPAGESIZE 1
| #define HAVE_VPRINTF 1
| #define HAVE_TIME 1
| #define HAVE_MKTIME 1
| #define HAVE_LOCALTIME 1
| #define HAVE_STRDUP 1
| #define HAVE_STRCASECMP 1
| #define HAVE_STRNCASECMP 1
| #define HAVE_STRERROR 1
| #define HAVE_SETLOCALE 1
| #define _MGGAL_DUMMY 1
| #define _MGGAL_FBCON 1
| /* end confdefs.h.  */
| 
| /* Override any GCC internal prototype to avoid an error.
|    Use char because int might match the return type of a GCC
|    builtin and then its argument prototype would still apply.  */
| #ifdef __cplusplus
| extern "C"
| #endif
| char pci_system_init ();
| int
| main ()
| {
| return pci_system_init ();
|   ;
|   return 0;
| }
configure:11844: result: no
configure:12420: checking for pthread library
configure:12442: arm-uclinuxeabi-gcc -o conftest -I. -I./include -I/home/huiafu/uclinux/cortexm_uclinux-master/cross_tools/arm-2010q1-uclinux/arm-uclinuxeabi/include/c++/4.4.1 -I/home/huiafu/uclinux/cortexm_uclinux-master/cross_tools/arm-2010q1-uclinux/arm-uclinuxeabi/libc/usr/include -I/usr/local/minigui/cross/arm/cortex-m3/include -mcpu=cortex-m3 -mthumb -static  -L/usr/local/minigui/cross/arm/cortex-m3/lib -L/home/huiafu/uclinux/cortexm_uclinux-master/cross_tools/arm-2010q1-uclinux/arm-uclinuxeabi/libc/usr/lib conftest.c  >&5
/tmp/ccWKoq9e.o: In function `foo.1677':
conftest.c:(.text+0x8): undefined reference to `pthread_exit'
collect2: ld returned 1 exit status
configure:12442: $? = 1
configure: failed program was:
| /* confdefs.h */
| #define PACKAGE_NAME "libminigui"
| #define PACKAGE_TARNAME "libminigui"
| #define PACKAGE_VERSION "3.0.12"
| #define PACKAGE_STRING "libminigui 3.0.12"
| #define PACKAGE_BUGREPORT ""
| #define PACKAGE_URL ""
| #define STDC_HEADERS 1
| #define HAVE_SYS_TYPES_H 1
| #define HAVE_SYS_STAT_H 1
| #define HAVE_STDLIB_H 1
| #define HAVE_STRING_H 1
| #define HAVE_MEMORY_H 1
| #define HAVE_STRINGS_H 1
| #define HAVE_INTTYPES_H 1
| #define HAVE_STDINT_H 1
| #define HAVE_UNISTD_H 1
| #define STDC_HEADERS 1
| #define HAVE_DIRENT_H 1
| #define HAVE_SYS_TYPES_H 1
| #define HAVE_SYS_TIME_H 1
| #define HAVE_TERMIO_H 1
| #define HAVE_UNISTD_H 1
| #define HAVE_MATH_H 1
| #define HAVE_LOCALE_H 1
| #define TIME_WITH_SYS_TIME 1
| #define HAVE_ALLOCA_H 1
| #define HAVE_ALLOCA 1
| #define HAVE_STDLIB_H 1
| #define HAVE_UNISTD_H 1
| #define HAVE_SYS_PARAM_H 1
| #define HAVE_GETPAGESIZE 1
| #define HAVE_VPRINTF 1
| #define HAVE_TIME 1
| #define HAVE_MKTIME 1
| #define HAVE_LOCALTIME 1
| #define HAVE_STRDUP 1
| #define HAVE_STRCASECMP 1
| #define HAVE_STRNCASECMP 1
| #define HAVE_STRERROR 1
| #define HAVE_SETLOCALE 1
| #define _MGGAL_DUMMY 1
| #define _MGGAL_FBCON 1
| /* end confdefs.h.  */
| 
| #include "confdefs.h"
| #define __C_ASM_H /* fix for retarded Digital Unix headers */
| #include <pthread.h>
| int
| main ()
| {
| 
| void foo(void)
| {
| pthread_exit (0);
| }
| 
|   ;
|   return 0;
| }
configure:12447: result: no
configure:12456: checking for jpeg_std_error in -ljpeg
configure:12481: arm-uclinuxeabi-gcc -o conftest -I. -I./include -I/home/huiafu/uclinux/cortexm_uclinux-master/cross_tools/arm-2010q1-uclinux/arm-uclinuxeabi/include/c++/4.4.1 -I/home/huiafu/uclinux/cortexm_uclinux-master/cross_tools/arm-2010q1-uclinux/arm-uclinuxeabi/libc/usr/include -I/usr/local/minigui/cross/arm/cortex-m3/include -mcpu=cortex-m3 -mthumb -static  -L/usr/local/minigui/cross/arm/cortex-m3/lib -L/home/huiafu/uclinux/cortexm_uclinux-master/cross_tools/arm-2010q1-uclinux/arm-uclinuxeabi/libc/usr/lib conftest.c -ljpeg -lm  >&5
configure:12481: $? = 0
configure:12490: result: yes
configure:12501: checking for png_check_sig in -lpng
configure:12526: arm-uclinuxeabi-gcc -o conftest -I. -I./include -I/home/huiafu/uclinux/cortexm_uclinux-master/cross_tools/arm-2010q1-uclinux/arm-uclinuxeabi/include/c++/4.4.1 -I/home/huiafu/uclinux/cortexm_uclinux-master/cross_tools/arm-2010q1-uclinux/arm-uclinuxeabi/libc/usr/include -I/usr/local/minigui/cross/arm/cortex-m3/include -mcpu=cortex-m3 -mthumb -static  -L/usr/local/minigui/cross/arm/cortex-m3/lib -L/home/huiafu/uclinux/cortexm_uclinux-master/cross_tools/arm-2010q1-uclinux/arm-uclinuxeabi/libc/usr/lib conftest.c -lpng -lz -lm  >&5
configure:12526: $? = 0
configure:12535: result: yes
configure:12929: checking for pow in -lm
configure:12954: arm-uclinuxeabi-gcc -o conftest -I. -I./include -I/home/huiafu/uclinux/cortexm_uclinux-master/cross_tools/arm-2010q1-uclinux/arm-uclinuxeabi/include/c++/4.4.1 -I/home/huiafu/uclinux/cortexm_uclinux-master/cross_tools/arm-2010q1-uclinux/arm-uclinuxeabi/libc/usr/include -I/usr/local/minigui/cross/arm/cortex-m3/include -mcpu=cortex-m3 -mthumb -static -D_WITH_TARGET_NONE -D__MINIGUI_LIB__ -D_REENTRANT  -L/usr/local/minigui/cross/arm/cortex-m3/lib -L/home/huiafu/uclinux/cortexm_uclinux-master/cross_tools/arm-2010q1-uclinux/arm-uclinuxeabi/libc/usr/lib conftest.c -lm   >&5
conftest.c:65: warning: conflicting types for built-in function 'pow'
configure:12954: $? = 0
configure:12963: result: yes
configure:14173: creating ./config.status

## ---------------- ##
## Cache variables. ##
## ---------------- ##

ac_cv_build=i686-pc-linux-gnu
ac_cv_c_compiler_gnu=yes
ac_cv_c_const=yes
ac_cv_c_inline=inline
ac_cv_env_CC_set=set
ac_cv_env_CC_value=arm-uclinuxeabi-gcc
ac_cv_env_CFLAGS_set=set
ac_cv_env_CFLAGS_value='-I. -I./include -I/home/huiafu/uclinux/cortexm_uclinux-master/cross_tools/arm-2010q1-uclinux/arm-uclinuxeabi/include/c++/4.4.1 -I/home/huiafu/uclinux/cortexm_uclinux-master/cross_tools/arm-2010q1-uclinux/arm-uclinuxeabi/libc/usr/include -I/usr/local/minigui/cross/arm/cortex-m3/include -mcpu=cortex-m3 -mthumb -static'
ac_cv_env_CPPFLAGS_set=
ac_cv_env_CPPFLAGS_value=
ac_cv_env_CPP_set=set
ac_cv_env_CPP_value=arm-uclinuxeabi-cpp
ac_cv_env_LDFLAGS_set=set
ac_cv_env_LDFLAGS_value='-L/usr/local/minigui/cross/arm/cortex-m3/lib -L/home/huiafu/uclinux/cortexm_uclinux-master/cross_tools/arm-2010q1-uclinux/arm-uclinuxeabi/libc/usr/lib'
ac_cv_env_LIBS_set=
ac_cv_env_LIBS_value=
ac_cv_env_build_alias_set=set
ac_cv_env_build_alias_value=i686-linux
ac_cv_env_host_alias_set=set
ac_cv_env_host_alias_value=arm-linux
ac_cv_env_target_alias_set=set
ac_cv_env_target_alias_value=arm-linux
ac_cv_func__doprnt=no
ac_cv_func_alloca_works=yes
ac_cv_func_getpagesize=yes
ac_cv_func_getpt=no
ac_cv_func_localtime=yes
ac_cv_func_memcmp_working=no
ac_cv_func_mktime=yes
ac_cv_func_mmap_fixed_mapped=no
ac_cv_func_setlocale=yes
ac_cv_func_strcasecmp=yes
ac_cv_func_strdup=yes
ac_cv_func_strerror=yes
ac_cv_func_strncasecmp=yes
ac_cv_func_time=yes
ac_cv_func_vprintf=yes
ac_cv_header_dirent_dirent_h=yes
ac_cv_header_dlfcn_h=no
ac_cv_header_inttypes_h=yes
ac_cv_header_locale_h=yes
ac_cv_header_math_h=yes
ac_cv_header_memory_h=yes
ac_cv_header_stdc=yes
ac_cv_header_stdint_h=yes
ac_cv_header_stdlib_h=yes
ac_cv_header_string_h=yes
ac_cv_header_strings_h=yes
ac_cv_header_sys_param_h=yes
ac_cv_header_sys_stat_h=yes
ac_cv_header_sys_time_h=yes
ac_cv_header_sys_types_h=yes
ac_cv_header_termio_h=yes
ac_cv_header_time=yes
ac_cv_header_unistd_h=yes
ac_cv_host=arm-unknown-linux-gnu
ac_cv_lib_jpeg_jpeg_std_error=yes
ac_cv_lib_m_pow=yes
ac_cv_lib_pciaccess_pci_system_init=no
ac_cv_lib_png_png_check_sig=yes
ac_cv_objext=o
ac_cv_path_EGREP='/bin/grep -E'
ac_cv_path_GREP=/bin/grep
ac_cv_path_install='/usr/bin/install -c'
ac_cv_path_mkdir=/bin/mkdir
ac_cv_prog_AWK=gawk
ac_cv_prog_CC=arm-uclinuxeabi-gcc
ac_cv_prog_CPP=arm-uclinuxeabi-cpp
ac_cv_prog_RANLIB=arm-linux-ranlib
ac_cv_prog_STRIP=arm-uclinuxeabi-strip
ac_cv_prog_cc_c89=
ac_cv_prog_cc_g=yes
ac_cv_prog_make_make_set=yes
ac_cv_search_opendir='none required'
ac_cv_struct_tm=time.h
ac_cv_target=arm-unknown-linux-gnu
ac_cv_type_size_t=yes
ac_cv_working_alloca_h=yes
am_cv_CC_dependencies_compiler_type=gcc3
lt_cv_compiler_c_o=yes
lt_cv_compiler_o_lo=yes
lt_cv_deplibs_check_method='file_magic ELF [0-9][0-9]*-bit [LM]SB (shared object|dynamic lib )'
lt_cv_file_magic_cmd='$MAGIC_CMD'
lt_cv_file_magic_test_file='/lib/libc.so* /lib/libc-*.so'
lt_cv_global_symbol_to_c_name_address='sed -n -e '\''s/^: \([^ ]*\) $/  {\"\1\", (lt_ptr) 0},/p'\'' -e '\''s/^[BCDEGRST] \([^ ]*\) \([^ ]*\)$/  {"\2", (lt_ptr) \&\2},/p'\'''
lt_cv_global_symbol_to_cdecl='sed -n -e '\''s/^. .* \(.*\)$/extern char \1;/p'\'''
lt_cv_ld_reload_flag=-r
lt_cv_path_LD=/home/hujiafu/uclinux/git_uclinux/lpc1788_uclinux/cortexm_uclinux-master/cross_tools/arm-2010q1-uclinux/arm-uclinuxeabi/bin/ld
lt_cv_path_MAGIC_CMD=/usr/bin/file
lt_cv_path_NM='/usr/local/arm/gcc-4.4.4-glibc-2.11.1-multilib-1.0/arm-fsl-linux-gnueabi/bin/arm-linux-nm -B'
lt_cv_path_SED=/bin/sed
lt_cv_prog_cc_can_build_shared=yes
lt_cv_prog_cc_no_builtin=
lt_cv_prog_cc_pic=' -fPIC'
lt_cv_prog_cc_pic_works=yes
lt_cv_prog_cc_shlib=
lt_cv_prog_cc_static=-static
lt_cv_prog_cc_static_works=yes
lt_cv_prog_cc_wl=-Wl,
lt_cv_prog_gnu_ld=yes
lt_cv_sys_global_symbol_pipe='sed -n -e '\''s/^.*[ 	]\([ABCDGISTW][ABCDGISTW]*\)[ 	][ 	]*\(\)\([_A-Za-z][_A-Za-z0-9]*\)$/\1 \2\3 \3/p'\'''

## ----------------- ##
## Output variables. ##
## ----------------- ##

ACLOCAL='${SHELL} /home/hujiafu/minigui/libminigui-gal-3.0.12_for_uclinux/libminigui-gpl-3.0.12/missing --run aclocal-1.11'
ALLOCA=''
AMDEPBACKSLASH='\'
AMDEP_FALSE='#'
AMDEP_TRUE=''
AMTAR='$${TAR-tar}'
AUTOCONF='${SHELL} /home/hujiafu/minigui/libminigui-gal-3.0.12_for_uclinux/libminigui-gpl-3.0.12/missing --run autoconf'
AUTOHEADER='${SHELL} /home/hujiafu/minigui/libminigui-gal-3.0.12_for_uclinux/libminigui-gpl-3.0.12/missing --run autoheader'
AUTOMAKE='${SHELL} /home/hujiafu/minigui/libminigui-gal-3.0.12_for_uclinux/libminigui-gpl-3.0.12/missing --run automake-1.11'
AWK='gawk'
CC='arm-uclinuxeabi-gcc'
CCDEPMODE='depmode=gcc3'
CFLAGS='-I. -I./include -I/home/huiafu/uclinux/cortexm_uclinux-master/cross_tools/arm-2010q1-uclinux/arm-uclinuxeabi/include/c++/4.4.1 -I/home/huiafu/uclinux/cortexm_uclinux-master/cross_tools/arm-2010q1-uclinux/arm-uclinuxeabi/libc/usr/include -I/usr/local/minigui/cross/arm/cortex-m3/include -mcpu=cortex-m3 -mthumb -static -D_WITH_TARGET_NONE -D__MINIGUI_LIB__ -D_REENTRANT -D_MG_ENABLE_SPLASH=1 -D_MG_ENABLE_SCREENSAVER=1 -Wall -Wstrict-prototypes -pipe -D_GNU_SOURCE'
CPP='arm-uclinuxeabi-cpp'
CPPFLAGS=''
CYGPATH_W='echo'
DEFS='-DHAVE_CONFIG_H'
DEPDIR='.deps'
ECHO='echo'
ECHO_C=''
ECHO_N='-n'
ECHO_T=''
EGREP='/bin/grep -E'
EXEEXT=''
FT1_INC_DIR=''
FT2_INC_DIR=''
GREP='/bin/grep'
INSTALL_DATA='${INSTALL} -m 644'
INSTALL_PROGRAM='${INSTALL}'
INSTALL_SCRIPT='${INSTALL}'
INSTALL_STRIP_PROGRAM='$(install_sh) -c -s'
LDFLAGS='-L/usr/local/minigui/cross/arm/cortex-m3/lib -L/home/huiafu/uclinux/cortexm_uclinux-master/cross_tools/arm-2010q1-uclinux/arm-uclinuxeabi/libc/usr/lib'
LIBOBJS=' ${LIBOBJDIR}memcmp$U.o'
LIBS=''
LIBTOOL='$(SHELL) $(top_builddir)/libtool'
LN_S='ln -s'
LTLIBOBJS=' ${LIBOBJDIR}memcmp$U.lo'
LT_AGE='0'
LT_CURRENT='12'
LT_RELEASE='3.0'
LT_REVISION='0'
MAKEINFO='${SHELL} /home/hujiafu/minigui/libminigui-gal-3.0.12_for_uclinux/libminigui-gpl-3.0.12/missing --run makeinfo'
MGFONT_SEF_FALSE=''
MGFONT_SEF_TRUE='#'
MGIAL_CONSOLE_FALSE='#'
MGIAL_CONSOLE_TRUE=''
MGIAL_CUSTOM_FALSE='#'
MGIAL_CUSTOM_TRUE=''
MGIAL_DLCUSTOM_FALSE=''
MGIAL_DLCUSTOM_TRUE='#'
MGIAL_NET_FALSE=''
MGIAL_NET_TRUE='#'
MGIAL_NEXUS_FALSE=''
MGIAL_NEXUS_TRUE='#'
MGLIB_MVFB_FALSE=''
MGLIB_MVFB_TRUE='#'
MGLIB_SUFFIX='ths'
MGRM_PROCESSES_FALSE=''
MGRM_PROCESSES_TRUE='#'
MGRM_STANDALONE_FALSE=''
MGRM_STANDALONE_TRUE='#'
MGUSE_OWN_PTHREAD_FALSE=''
MGUSE_OWN_PTHREAD_TRUE='#'
MG_ENABLE_SCREENSAVER_FALSE='#'
MG_ENABLE_SCREENSAVER_TRUE=''
MG_ENABLE_SPLASH_FALSE='#'
MG_ENABLE_SPLASH_TRUE=''
MG_MINIMALGDI_FALSE=''
MG_MINIMALGDI_TRUE='#'
MINIGUI_INCLUDE_LIST=''
MINIGUI_LIBRARIES_LIST=' -ljpeg -lpng -lm'
MKDIR_P='/bin/mkdir -p'
MiniGUI_BINARY_AGE='0'
MiniGUI_INTERFACE_AGE='0'
MiniGUI_MAJOR_VERSION='3'
MiniGUI_MICRO_VERSION='12'
MiniGUI_MINOR_VERSION='0'
MiniGUI_VERSION='3.0.12'
NEXUS_INCLUDEDIR=''
NEXUS_LIBDIR=''
OBJEXT='o'
PACKAGE='libminigui'
PACKAGE_BUGREPORT=''
PACKAGE_NAME='libminigui'
PACKAGE_STRING='libminigui 3.0.12'
PACKAGE_TARNAME='libminigui'
PACKAGE_URL=''
PACKAGE_VERSION='3.0.12'
PATH_SEPARATOR=':'
RANLIB='arm-linux-ranlib'
SET_MAKE=''
SHELL='/bin/bash'
STRIP='arm-uclinuxeabi-strip'
SYSTEM_LIBS=' -ljpeg -lpng -lm'
UCOSII_FALSE=''
UCOSII_TRUE='#'
VERSION='3.0.12'
VIDEO_DRIVERS=' dummy/libvideo_null.la fbcon/libvideo_fbcon.la'
VIDEO_SUBDIRS=' dummy fbcon'
ac_ct_CC=''
am__EXEEXT_FALSE=''
am__EXEEXT_TRUE='#'
am__fastdepCC_FALSE='#'
am__fastdepCC_TRUE=''
am__include='include'
am__isrc=''
am__leading_dot='.'
am__nodep='_no'
am__quote=''
am__tar='$${TAR-tar} chof - "$$tardir"'
am__untar='$${TAR-tar} xf -'
bindir='${exec_prefix}/bin'
build='i686-pc-linux-gnu'
build_alias='i686-linux'
build_cpu='i686'
build_os='linux-gnu'
build_vendor='pc'
datadir='${datarootdir}'
datarootdir='${prefix}/share'
docdir='${datarootdir}/doc/${PACKAGE_TARNAME}'
dvidir='${docdir}'
exec_prefix='${prefix}'
host='arm-unknown-linux-gnu'
host_alias='arm-linux'
host_cpu='arm'
host_os='linux-gnu'
host_vendor='unknown'
htmldir='${docdir}'
includedir='${prefix}/include'
infodir='${datarootdir}/info'
install_sh='${SHELL} /home/hujiafu/minigui/libminigui-gal-3.0.12_for_uclinux/libminigui-gpl-3.0.12/install-sh'
libdir='${exec_prefix}/lib'
libexecdir='${exec_prefix}/libexec'
localedir='${datarootdir}/locale'
localstatedir='${prefix}/var'
mandir='${datarootdir}/man'
mkdir_p='/bin/mkdir -p'
oldincludedir='/usr/include'
pdfdir='${docdir}'
prefix='/usr/local/minigui/cross/arm/cortex-m3'
program_transform_name='s&^&arm-linux-&'
psdir='${docdir}'
sbindir='${exec_prefix}/sbin'
sharedstatedir='${prefix}/com'
sysconfdir='${prefix}/etc'
target='arm-unknown-linux-gnu'
target_alias='arm-linux'
target_cpu='arm'
target_os='linux-gnu'
target_vendor='unknown'

configure: exit 0

## ---------------------- ##
## Running config.status. ##
## ---------------------- ##

This file was extended by libminigui config.status 3.0.12, which was
generated by GNU Autoconf 2.68.  Invocation command line was

  CONFIG_FILES    = 
  CONFIG_HEADERS  = 
  CONFIG_LINKS    = 
  CONFIG_COMMANDS = 
  $ ./config.status 

on hujiafu-virtual-machine

config.status:1108: creating minigui.pc
config.status:1108: creating Makefile
config.status:1108: creating cmake/Makefile
config.status:1108: creating src/Makefile
config.status:1108: creating src/control/Makefile
config.status:1108: creating src/ex_ctrl/Makefile
config.status:1108: creating src/font/Makefile
config.status:1108: creating src/font/in-core/Makefile
config.status:1108: creating src/newgal/Makefile
config.status:1108: creating src/newgal/fbcon/Makefile
config.status:1108: creating src/newgal/qvfb/Makefile
config.status:1108: creating src/newgal/pcxvfb/Makefile
config.status:1108: creating src/newgal/wvfb/Makefile
config.status:1108: creating src/newgal/commlcd/Makefile
config.status:1108: creating src/newgal/shadow/Makefile
config.status:1108: creating src/newgal/mlshadow/Makefile
config.status:1108: creating src/newgal/em86gfx/Makefile
config.status:1108: creating src/newgal/em85xxyuv/Makefile
config.status:1108: creating src/newgal/em85xxosd/Makefile
config.status:1108: creating src/newgal/dummy/Makefile
config.status:1108: creating src/newgal/svpxxosd/Makefile
config.status:1108: creating src/newgal/bf533/Makefile
config.status:1108: creating src/newgal/mb93493/Makefile
config.status:1108: creating src/newgal/utpmc/Makefile
config.status:1108: creating src/newgal/dfb/Makefile
config.status:1108: creating src/newgal/hisi/Makefile
config.status:1108: creating src/newgal/rtos_xvfb/Makefile
config.status:1108: creating src/newgal/nexus/Makefile
config.status:1108: creating src/newgal/s3c6410/Makefile
config.status:1108: creating src/newgal/sigma8654/Makefile
config.status:1108: creating src/newgal/mstar/Makefile
config.status:1108: creating src/newgal/gdl/Makefile
config.status:1108: creating src/newgal/stgfb/Makefile
config.status:1108: creating src/ial/Makefile
config.status:1108: creating src/ial/native/Makefile
config.status:1108: creating src/ial/netial/Makefile
config.status:1108: creating src/ial/nexusial/Makefile
config.status:1108: creating src/ial/dlcustom/Makefile
config.status:1108: creating src/mybmp/Makefile
config.status:1108: creating src/newgdi/Makefile
config.status:1108: creating src/gui/Makefile
config.status:1108: creating src/libc/Makefile
config.status:1108: creating src/misc/Makefile
config.status:1108: creating src/main/Makefile
config.status:1108: creating src/kernel/Makefile
config.status:1108: creating src/server/Makefile
config.status:1108: creating src/client/Makefile
config.status:1108: creating src/standalone/Makefile
config.status:1108: creating src/sysres/Makefile
config.status:1108: creating src/sysres/bmp/Makefile
config.status:1108: creating src/sysres/icon/Makefile
config.status:1108: creating src/sysres/font/Makefile
config.status:1108: creating src/sysres/cursor/Makefile
config.status:1108: creating src/sysres/license/Makefile
config.status:1108: creating src/sysres/license/c_files/Makefile
config.status:1108: creating src/include/Makefile
config.status:1108: creating src/textedit/Makefile
config.status:1108: creating include/Makefile
config.status:1108: creating include/ctrl/Makefile
config.status:1108: creating rtos/Makefile
config.status:1108: creating etc/Makefile
config.status:1108: creating 3rd-party/Makefile
config.status:1108: creating 3rd-party/scripteasy/Makefile
config.status:1108: creating m4/Makefile
config.status:1108: creating build/Makefile
config.status:1108: creating mgconfig.h
config.status:1289: mgconfig.h is unchanged
config.status:1337: executing depfiles commands
